Level == 1  #candidates == 10      avg.elements == 232   (275764/1184)
Level == 2  #candidates == 45      avg.elements == 77    (1203742/15521)
Level == 3  #candidates == 120     avg.elements == 39    (3021512/77246)
Level == 4  #candidates == 126     avg.elements == 19    (2758035/138636)

======================================================================
Parameters (approximate dependencies):
No. of tuples            == 27582
No. of attributes        == 10
Stop level               == 3
Data                     == ../tane-1.0/data/data.dat
Percentage of all tuples == 0.00 %
==> G3 threshold         == 27 max. rows removed
======================================================================

1 -> 9 
2 -> 9 
3 -> 9 
4 -> 9 
5 -> 9 
6 -> 9 
7 -> 9 
8 -> 9 
10 -> 9 
3 5 6 -> 7 

======================================================================
total_no_of_candidates == 301
prune_key              == 0
prune_key_sub          == 0
prune_key_second       == 0
prune_rhs              == 36
prune_rhs_sub          == 0
prune_rhs_second       == 56
======================================================================

